<?xml version="1.0" encoding="UTF-8"?>
<!-- Generated by org.testng.reporters.JUnitXMLReporter -->
<testsuite ignored="0" hostname="DESKTOP-76KLOET" failures="0" tests="3" name="Default test" time="37.87" errors="0" timestamp="2021-01-18T22:04:10 IST">
  <testcase classname="SRP.Tests.GooglePageTest" name="HomePageTest" time="14.893"/>
  <testcase classname="SRP.Tests.GooglePageTest" name="HomePageTest" time="8.439"/>
  <testcase classname="SRP.Tests.GooglePageTest" name="HomePageTest" time="8.911"/>
</testsuite> <!-- Default test -->
