<?xml version="1.0" encoding="UTF-8"?>
<testng-results ignored="0" total="3" passed="3" failed="0" skipped="0">
  <reporter-output>
  </reporter-output>
  <suite started-at="2021-01-18T22:03:32 IST" name="Default suite" finished-at="2021-01-18T22:04:10 IST" duration-ms="37870">
    <groups>
    </groups>
    <test started-at="2021-01-18T22:03:32 IST" name="Default test" finished-at="2021-01-18T22:04:10 IST" duration-ms="37870">
      <class name="SRP.Tests.GooglePageTest">
        <test-method is-config="true" signature="driverSetup()[pri:0, instance:SRP.Tests.GooglePageTest@f381794]" started-at="2021-01-18T22:03:32 IST" name="driverSetup" finished-at="2021-01-18T22:03:37 IST" duration-ms="4738" status="PASS">
          <reporter-output>
          </reporter-output>
        </test-method> <!-- driverSetup -->
        <test-method is-config="true" signature="setupPages()[pri:0, instance:SRP.Tests.GooglePageTest@f381794]" started-at="2021-01-18T22:03:37 IST" name="setupPages" finished-at="2021-01-18T22:03:37 IST" depends-on-methods="SRP.Tests.BaseTest.driverSetup" duration-ms="70" status="PASS">
          <reporter-output>
          </reporter-output>
        </test-method> <!-- setupPages -->
        <test-method signature="HomePageTest(java.lang.String, int)[pri:0, instance:SRP.Tests.GooglePageTest@f381794]" started-at="2021-01-18T22:03:37 IST" name="HomePageTest" data-provider="dataSetup" finished-at="2021-01-18T22:03:52 IST" duration-ms="14893" status="PASS">
          <params>
            <param index="0">
              <value>
                <![CDATA[Yoda]]>
              </value>
            </param>
            <param index="1">
              <value>
                <![CDATA[2]]>
              </value>
            </param>
          </params>
          <reporter-output>
          </reporter-output>
        </test-method> <!-- HomePageTest -->
        <test-method signature="HomePageTest(java.lang.String, int)[pri:0, instance:SRP.Tests.GooglePageTest@f381794]" started-at="2021-01-18T22:03:52 IST" name="HomePageTest" data-provider="dataSetup" finished-at="2021-01-18T22:04:00 IST" duration-ms="8439" status="PASS">
          <params>
            <param index="0">
              <value>
                <![CDATA[yoda quotes]]>
              </value>
            </param>
            <param index="1">
              <value>
                <![CDATA[3]]>
              </value>
            </param>
          </params>
          <reporter-output>
          </reporter-output>
        </test-method> <!-- HomePageTest -->
        <test-method signature="HomePageTest(java.lang.String, int)[pri:0, instance:SRP.Tests.GooglePageTest@f381794]" started-at="2021-01-18T22:04:00 IST" name="HomePageTest" data-provider="dataSetup" finished-at="2021-01-18T22:04:09 IST" duration-ms="8911" status="PASS">
          <params>
            <param index="0">
              <value>
                <![CDATA[Man VS wild]]>
              </value>
            </param>
            <param index="1">
              <value>
                <![CDATA[4]]>
              </value>
            </param>
          </params>
          <reporter-output>
          </reporter-output>
        </test-method> <!-- HomePageTest -->
        <test-method is-config="true" signature="quitDriver()[pri:0, instance:SRP.Tests.GooglePageTest@f381794]" started-at="2021-01-18T22:04:09 IST" name="quitDriver" finished-at="2021-01-18T22:04:10 IST" duration-ms="754" status="PASS">
          <reporter-output>
          </reporter-output>
        </test-method> <!-- quitDriver -->
      </class> <!-- SRP.Tests.GooglePageTest -->
    </test> <!-- Default test -->
  </suite> <!-- Default suite -->
</testng-results>
