<?xml version="1.0" encoding="UTF-8"?>
<testng-results ignored="0" total="2" passed="2" failed="0" skipped="0">
  <reporter-output>
  </reporter-output>
  <suite started-at="2021-01-18T23:51:46 IST" name="Default suite" finished-at="2021-01-18T23:52:27 IST" duration-ms="40983">
    <groups>
    </groups>
    <test started-at="2021-01-18T23:51:46 IST" name="Default test" finished-at="2021-01-18T23:52:27 IST" duration-ms="40983">
      <class name="SRP.tests.LoginTests">
        <test-method is-config="true" signature="driverSetup()[pri:0, instance:SRP.tests.LoginTests@6c779568]" started-at="2021-01-18T23:51:46 IST" name="driverSetup" finished-at="2021-01-18T23:51:53 IST" duration-ms="6577" status="PASS">
          <reporter-output>
          </reporter-output>
        </test-method> <!-- driverSetup -->
        <test-method is-config="true" signature="setuPage()[pri:0, instance:SRP.tests.LoginTests@6c779568]" started-at="2021-01-18T23:51:53 IST" name="setuPage" finished-at="2021-01-18T23:51:53 IST" depends-on-methods="SRP.tests.BaseTest.driverSetup" duration-ms="45" status="PASS">
          <reporter-output>
          </reporter-output>
        </test-method> <!-- setuPage -->
        <test-method signature="loginInvalidPassword(java.lang.String)[pri:0, instance:SRP.tests.LoginTests@6c779568]" started-at="2021-01-18T23:51:53 IST" name="loginInvalidPassword" data-provider="dataSetup" finished-at="2021-01-18T23:52:20 IST" duration-ms="27102" status="PASS">
          <params>
            <param index="0">
              <value>
                <![CDATA[https://www.facebook.com]]>
              </value>
            </param>
          </params>
          <reporter-output>
          </reporter-output>
        </test-method> <!-- loginInvalidPassword -->
        <test-method signature="loginValidCredentials(java.lang.String)[pri:0, instance:SRP.tests.LoginTests@6c779568]" started-at="2021-01-18T23:52:20 IST" name="loginValidCredentials" data-provider="dataSetup" finished-at="2021-01-18T23:52:26 IST" duration-ms="6364" status="PASS">
          <params>
            <param index="0">
              <value>
                <![CDATA[https://www.facebook.com]]>
              </value>
            </param>
          </params>
          <reporter-output>
          </reporter-output>
        </test-method> <!-- loginValidCredentials -->
        <test-method is-config="true" signature="quitDriver()[pri:0, instance:SRP.tests.LoginTests@6c779568]" started-at="2021-01-18T23:52:26 IST" name="quitDriver" finished-at="2021-01-18T23:52:27 IST" duration-ms="837" status="PASS">
          <reporter-output>
          </reporter-output>
        </test-method> <!-- quitDriver -->
      </class> <!-- SRP.tests.LoginTests -->
    </test> <!-- Default test -->
  </suite> <!-- Default suite -->
</testng-results>
